-- Attaching packages --------------------------------------- tidyverse 1.3.1 --
v ggplot2 3.3.6      v purrr   0.3.4 
v tibble  3.1.8      v dplyr   1.0.10
v tidyr   1.2.0      v stringr 1.4.1 
v readr   2.1.2      v forcats 0.5.1 
-- Conflicts ------------------------------------------ tidyverse_conflicts() --
x dplyr::filter() masks stats::filter()
x dplyr::lag()    masks stats::lag()
Warning messages:
1: package 'tidyr' was built under R version 4.0.5 
2: package 'readr' was built under R version 4.0.5 
<session> https://kenpom.com/index.php
  Status: 200
  Type:   text/html; charset=UTF-8
  Size:   361512
-- Attaching packages --------------------------------------- tidyverse 1.3.1 --
v ggplot2 3.3.6      v purrr   0.3.4 
v tibble  3.1.8      v dplyr   1.0.10
v tidyr   1.2.0      v stringr 1.4.1 
v readr   2.1.2      v forcats 0.5.1 
-- Conflicts ------------------------------------------ tidyverse_conflicts() --
x dplyr::filter() masks stats::filter()
x dplyr::lag()    masks stats::lag()
Warning messages:
1: package 'tidyr' was built under R version 4.0.5 
2: package 'readr' was built under R version 4.0.5 
<session> https://kenpom.com/index.php
  Status: 200
  Type:   text/html; charset=UTF-8
  Size:   361512
-- Attaching packages --------------------------------------- tidyverse 1.3.1 --
v ggplot2 3.3.6      v purrr   0.3.4 
v tibble  3.1.8      v dplyr   1.0.10
v tidyr   1.2.0      v stringr 1.4.1 
v readr   2.1.2      v forcats 0.5.1 
-- Conflicts ------------------------------------------ tidyverse_conflicts() --
x dplyr::filter() masks stats::filter()
x dplyr::lag()    masks stats::lag()
Warning messages:
1: package 'tidyr' was built under R version 4.0.5 
2: package 'readr' was built under R version 4.0.5 
<session> https://kenpom.com/index.php
  Status: 200
  Type:   text/html; charset=UTF-8
  Size:   361512
-- Attaching packages --------------------------------------- tidyverse 1.3.1 --
v ggplot2 3.3.6      v purrr   0.3.4 
v tibble  3.1.8      v dplyr   1.0.10
v tidyr   1.2.0      v stringr 1.4.1 
v readr   2.1.2      v forcats 0.5.1 
-- Conflicts ------------------------------------------ tidyverse_conflicts() --
x dplyr::filter() masks stats::filter()
x dplyr::lag()    masks stats::lag()
Warning messages:
1: package 'tidyr' was built under R version 4.0.5 
2: package 'readr' was built under R version 4.0.5 
<session> https://kenpom.com/index.php
  Status: 200
  Type:   text/html; charset=UTF-8
  Size:   361512
