-- Attaching packages --------------------------------------- tidyverse 1.3.1 --
v ggplot2 3.3.6      v purrr   0.3.4 
v tibble  3.1.8      v dplyr   1.0.10
v tidyr   1.2.0      v stringr 1.4.1 
v readr   2.1.2      v forcats 0.5.1 
-- Conflicts ------------------------------------------ tidyverse_conflicts() --
x dplyr::filter() masks stats::filter()
x dplyr::lag()    masks stats::lag()
Warning messages:
1: package 'tidyr' was built under R version 4.0.5 
2: package 'readr' was built under R version 4.0.5 
Rows: 11119 Columns: 25
-- Column specification --------------------------------------------------------
Delimiter: ","
chr   (7): team, opponent, result, location, postseason, day_date, tiers_of_joy
dbl  (16): team_rk, opponent_rk, poss, ot, pre_wp, w, l, w_conference, l_con...
lgl   (1): conference_game
date  (1): date

i Use `spec()` to retrieve the full column specification for this data.
i Specify the column types or set `show_col_types = FALSE` to quiet this message.
